<?xml version="1.0" encoding="UTF-8"?>
<testsuite name="NumericMatrixProcessorTest" tests="1" skipped="0" failures="1" errors="0" timestamp="2021-07-08T00:25:42" hostname="LAPTOP-J1J60HSA" time="0.435">
  <properties/>
  <testcase name="start" classname="NumericMatrixProcessorTest" time="0.435">
    <failure message="java.lang.AssertionError: Wrong answer in test #6&#10;&#10;Can't check the answer&#10;&#10;Please find below the output of your program during this failed test.&#10;Note that the '&gt;' character indicates the beginning of the input line.&#10;&#10;---&#10;&#10;&#10;1. Add matrices&#10;2. Multiply matrix by a constant&#10;3. Multiply matrices&#10;0. Exit&#10;Your choice: &gt; 3&#10;Enter the size of first matrix: &gt; 2 3&#10;Enter first matrix:&#10;&gt; 1 0 17&#10;&gt; 15 19 7&#10;Enter the size of second matrix: &gt; 3 4&#10;Enter second matrix:&#10;&gt; 5 6 78 9&#10;&gt; 29 31 47 1&#10;&gt; 14 17 0 3&#10;The operation cannot be performed.&#10;&#10;1. Add matrices&#10;2. Multiply matrix by a constant&#10;3. Multiply matrices&#10;0. Exit&#10;Your choice: &gt; 0" type="java.lang.AssertionError">java.lang.AssertionError: Wrong answer in test #6

Can't check the answer

Please find below the output of your program during this failed test.
Note that the '&gt;' character indicates the beginning of the input line.

---


1. Add matrices
2. Multiply matrix by a constant
3. Multiply matrices
0. Exit
Your choice: &gt; 3
Enter the size of first matrix: &gt; 2 3
Enter first matrix:
&gt; 1 0 17
&gt; 15 19 7
Enter the size of second matrix: &gt; 3 4
Enter second matrix:
&gt; 5 6 78 9
&gt; 29 31 47 1
&gt; 14 17 0 3
The operation cannot be performed.

1. Add matrices
2. Multiply matrix by a constant
3. Multiply matrices
0. Exit
Your choice: &gt; 0
	at org.junit.Assert.fail(Assert.java:88)
	at org.hyperskill.hstest.stage.StageTest.start(StageTest.java:141)
	at java.base/jdk.internal.reflect.NativeMethodAccessorImpl.invoke0(Native Method)
	at java.base/jdk.internal.reflect.NativeMethodAccessorImpl.invoke(NativeMethodAccessorImpl.java:62)
	at java.base/jdk.internal.reflect.DelegatingMethodAccessorImpl.invoke(DelegatingMethodAccessorImpl.java:43)
	at java.base/java.lang.reflect.Method.invoke(Method.java:566)
	at org.junit.runners.model.FrameworkMethod$1.runReflectiveCall(FrameworkMethod.java:50)
	at org.junit.internal.runners.model.ReflectiveCallable.run(ReflectiveCallable.java:12)
	at org.junit.runners.model.FrameworkMethod.invokeExplosively(FrameworkMethod.java:47)
	at org.junit.internal.runners.statements.InvokeMethod.evaluate(InvokeMethod.java:17)
	at org.junit.runners.ParentRunner.runLeaf(ParentRunner.java:325)
	at org.junit.runners.BlockJUnit4ClassRunner.runChild(BlockJUnit4ClassRunner.java:78)
	at org.junit.runners.BlockJUnit4ClassRunner.runChild(BlockJUnit4ClassRunner.java:57)
	at org.junit.runners.ParentRunner$3.run(ParentRunner.java:290)
	at org.junit.runners.ParentRunner$1.schedule(ParentRunner.java:71)
	at org.junit.runners.ParentRunner.runChildren(ParentRunner.java:288)
	at org.junit.runners.ParentRunner.access$000(ParentRunner.java:58)
	at org.junit.runners.ParentRunner$2.evaluate(ParentRunner.java:268)
	at org.junit.runners.ParentRunner.run(ParentRunner.java:363)
	at org.gradle.api.internal.tasks.testing.junit.JUnitTestClassExecutor.runTestClass(JUnitTestClassExecutor.java:110)
	at org.gradle.api.internal.tasks.testing.junit.JUnitTestClassExecutor.execute(JUnitTestClassExecutor.java:58)
	at org.gradle.api.internal.tasks.testing.junit.JUnitTestClassExecutor.execute(JUnitTestClassExecutor.java:38)
	at org.gradle.api.internal.tasks.testing.junit.AbstractJUnitTestClassProcessor.processTestClass(AbstractJUnitTestClassProcessor.java:62)
	at org.gradle.api.internal.tasks.testing.SuiteTestClassProcessor.processTestClass(SuiteTestClassProcessor.java:51)
	at java.base/jdk.internal.reflect.NativeMethodAccessorImpl.invoke0(Native Method)
	at java.base/jdk.internal.reflect.NativeMethodAccessorImpl.invoke(NativeMethodAccessorImpl.java:62)
	at java.base/jdk.internal.reflect.DelegatingMethodAccessorImpl.invoke(DelegatingMethodAccessorImpl.java:43)
	at java.base/java.lang.reflect.Method.invoke(Method.java:566)
	at org.gradle.internal.dispatch.ReflectionDispatch.dispatch(ReflectionDispatch.java:36)
	at org.gradle.internal.dispatch.ReflectionDispatch.dispatch(ReflectionDispatch.java:24)
	at org.gradle.internal.dispatch.ContextClassLoaderDispatch.dispatch(ContextClassLoaderDispatch.java:33)
	at org.gradle.internal.dispatch.ProxyDispatchAdapter$DispatchingInvocationHandler.invoke(ProxyDispatchAdapter.java:94)
	at com.sun.proxy.$Proxy2.processTestClass(Unknown Source)
	at org.gradle.api.internal.tasks.testing.worker.TestWorker.processTestClass(TestWorker.java:119)
	at java.base/jdk.internal.reflect.NativeMethodAccessorImpl.invoke0(Native Method)
	at java.base/jdk.internal.reflect.NativeMethodAccessorImpl.invoke(NativeMethodAccessorImpl.java:62)
	at java.base/jdk.internal.reflect.DelegatingMethodAccessorImpl.invoke(DelegatingMethodAccessorImpl.java:43)
	at java.base/java.lang.reflect.Method.invoke(Method.java:566)
	at org.gradle.internal.dispatch.ReflectionDispatch.dispatch(ReflectionDispatch.java:36)
	at org.gradle.internal.dispatch.ReflectionDispatch.dispatch(ReflectionDispatch.java:24)
	at org.gradle.internal.remote.internal.hub.MessageHubBackedObjectConnection$DispatchWrapper.dispatch(MessageHubBackedObjectConnection.java:182)
	at org.gradle.internal.remote.internal.hub.MessageHubBackedObjectConnection$DispatchWrapper.dispatch(MessageHubBackedObjectConnection.java:164)
	at org.gradle.internal.remote.internal.hub.MessageHub$Handler.run(MessageHub.java:414)
	at org.gradle.internal.concurrent.ExecutorPolicy$CatchAndRecordFailures.onExecute(ExecutorPolicy.java:64)
	at org.gradle.internal.concurrent.ManagedExecutorImpl$1.run(ManagedExecutorImpl.java:48)
	at java.base/java.util.concurrent.ThreadPoolExecutor.runWorker(ThreadPoolExecutor.java:1128)
	at java.base/java.util.concurrent.ThreadPoolExecutor$Worker.run(ThreadPoolExecutor.java:628)
	at org.gradle.internal.concurrent.ThreadFactoryImpl$ManagedThreadRunnable.run(ThreadFactoryImpl.java:56)
	at java.base/java.lang.Thread.run(Thread.java:829)
</failure>
  </testcase>
  <system-out><![CDATA[?[1;31m
Start test 1?[0m

1. Add matrices
2. Multiply matrix by a constant
3. Multiply matrices
0. Exit
Your choice: > 1
Enter the size of first matrix: > 3 3
Enter first matrix:
> 3 4 55
> 4 1 1
> 9 0 0
Enter the size of second matrix: > 3 3
Enter second matrix:
> 4 9 77
> 13 22 44
> 56 57 78
The result is:
7 13 132 
17 23 45 
65 57 78 


1. Add matrices
2. Multiply matrix by a constant
3. Multiply matrices
0. Exit
Your choice: > 0
?[1;31m
Start test 2?[0m

1. Add matrices
2. Multiply matrix by a constant
3. Multiply matrices
0. Exit
Your choice: > 1
Enter the size of first matrix: > 4 4
Enter first matrix:
> -0.3 677.4 435.2 123.33
> 1.3 141.4 0.11 1411.4
> 231.33 113.4 99.9 999.9
> 1002.22 123.44 55.66 13.3
Enter the size of second matrix: > 4 4
Enter second matrix:
> 43.43 234.22 876.6 13.2
> -5.5 -0.3 -1.2 10.2
> -1.0 0.8 0.8 -9.5
> -45.5 45.5 56.5 13.7
The result is:
43.13 911.62 1311.80 136.53 
-4.20 141.10 -1.09 1421.60 
230.33 114.20 100.70 990.40 
956.72 168.94 112.16 27.00 


1. Add matrices
2. Multiply matrix by a constant
3. Multiply matrices
0. Exit
Your choice: > 0
?[1;31m
Start test 3?[0m

1. Add matrices
2. Multiply matrix by a constant
3. Multiply matrices
0. Exit
Your choice: > 2
Enter the size of matrix: > 3 3
Enter matrix:
> 11 234 444
> 456 343 222
> 997 456 456
Enter constant: > 17
The result is:
187 3978 7548 
7752 5831 3774 
16949 7752 7752 


1. Add matrices
2. Multiply matrix by a constant
3. Multiply matrices
0. Exit
Your choice: > 0
?[1;31m
Start test 4?[0m

1. Add matrices
2. Multiply matrix by a constant
3. Multiply matrices
0. Exit
Your choice: > 2
Enter the size of matrix: > 4 4
Enter matrix:
> 10123 53455 999345 21312
> 13559 77654 231221 34534
> 12312 23412 342342 525255
> 99713 88123 123123 121111
Enter constant: > 111
The result is:
1123653 5933505 110927295 2365632 
1505049 8619594 25665531 3833274 
1366632 2598732 37999962 58303305 
11068143 9781653 13666653 13443321 


1. Add matrices
2. Multiply matrix by a constant
3. Multiply matrices
0. Exit
Your choice: > 0
?[1;31m
Start test 5?[0m

1. Add matrices
2. Multiply matrix by a constant
3. Multiply matrices
0. Exit
Your choice: > 3
Enter the size of first matrix: > 4 4
Enter first matrix:
> 1 2 2 7
> 3 3 4 5
> 5 0 0 1
> 0 1 0 8
Enter the size of second matrix: > 4 4
Enter second matrix:
> 9 8 7 13
> 15 14 0 1
> 3 7 2 3
> 0 9 0 35
The result is:
45 113 11 266 
84 139 29 229 
45 49 35 100 
15 86 0 281 


1. Add matrices
2. Multiply matrix by a constant
3. Multiply matrices
0. Exit
Your choice: > 0
?[1;31m
Start test 6?[0m

1. Add matrices
2. Multiply matrix by a constant
3. Multiply matrices
0. Exit
Your choice: > 3
Enter the size of first matrix: > 2 3
Enter first matrix:
> 1 0 17
> 15 19 7
Enter the size of second matrix: > 3 4
Enter second matrix:
> 5 6 78 9
> 29 31 47 1
> 14 17 0 3
The operation cannot be performed.

1. Add matrices
2. Multiply matrix by a constant
3. Multiply matrices
0. Exit
Your choice: > 0
]]></system-out>
  <system-err><![CDATA[]]></system-err>
</testsuite>
