<?xml version="1.0" encoding="UTF-8"?>
<testsuite name="tests.WebQuizEngineTest" tests="1" skipped="0" failures="0" errors="0" timestamp="2021-08-06T18:01:04" hostname="LAPTOP-J1J60HSA" time="8.524">
  <properties/>
  <testcase name="start" classname="tests.WebQuizEngineTest" time="8.524"/>
  <system-out><![CDATA[?[1;31m
Start test 1?[0m

  .   ____          _            __ _ _
 /\\ / ___'_ __ _ _(_)_ __  __ _ \ \ \ \
( ( )\___ | '_ | '_| | '_ \/ _` | \ \ \ \
 \\/  ___)| |_)| | | | | || (_| |  ) ) ) )
  '  |____| .__|_| |_|_| |_\__, | / / / /
 =========|_|==============|___/=/_/_/_/
 :: Spring Boot ::        (v2.2.2.RELEASE)

2021-08-06 15:01:05.686  INFO 10932 --- [    Test worker] engine.WebQuizEngine                     : Starting WebQuizEngine on LAPTOP-J1J60HSA with PID 10932 (started by tyyag in C:\Users\tyyag\Documents\GitHub\LearningJava\Courses\Hyperskill\Java Developer\Challenging\WebQuizEngine\Web Quiz Engine\task)
2021-08-06 15:01:05.690  INFO 10932 --- [    Test worker] engine.WebQuizEngine                     : No active profile set, falling back to default profiles: default
2021-08-06 15:01:08.169  INFO 10932 --- [    Test worker] o.s.b.w.embedded.tomcat.TomcatWebServer  : Tomcat initialized with port(s): 8889 (http)
2021-08-06 15:01:08.204  INFO 10932 --- [    Test worker] o.apache.catalina.core.StandardService   : Starting service [Tomcat]
2021-08-06 15:01:08.205  INFO 10932 --- [    Test worker] org.apache.catalina.core.StandardEngine  : Starting Servlet engine: [Apache Tomcat/9.0.29]
2021-08-06 15:01:08.596  INFO 10932 --- [    Test worker] o.a.c.c.C.[Tomcat].[localhost].[/]       : Initializing Spring embedded WebApplicationContext
2021-08-06 15:01:08.596  INFO 10932 --- [    Test worker] o.s.web.context.ContextLoader            : Root WebApplicationContext: initialization completed in 2821 ms
2021-08-06 15:01:09.593  INFO 10932 --- [    Test worker] o.s.s.concurrent.ThreadPoolTaskExecutor  : Initializing ExecutorService 'applicationTaskExecutor'
2021-08-06 15:01:10.164  INFO 10932 --- [    Test worker] o.s.b.a.e.web.EndpointLinksResolver      : Exposing 14 endpoint(s) beneath base path '/actuator'
2021-08-06 15:01:10.276  INFO 10932 --- [    Test worker] o.s.b.w.embedded.tomcat.TomcatWebServer  : Tomcat started on port(s): 8889 (http) with context path ''
2021-08-06 15:01:10.286  INFO 10932 --- [    Test worker] engine.WebQuizEngine                     : Started WebQuizEngine in 5.352 seconds (JVM running for 6.924)
2021-08-06 15:01:11.028  INFO 10932 --- [nio-8889-exec-1] o.a.c.c.C.[Tomcat].[localhost].[/]       : Initializing Spring DispatcherServlet 'dispatcherServlet'
2021-08-06 15:01:11.028  INFO 10932 --- [nio-8889-exec-1] o.s.web.servlet.DispatcherServlet        : Initializing Servlet 'dispatcherServlet'
2021-08-06 15:01:11.043  INFO 10932 --- [nio-8889-exec-1] o.s.web.servlet.DispatcherServlet        : Completed initialization in 15 ms
?[1;31m
Start test 2?[0m
?[1;31m
Start test 3?[0m
?[1;31m
Start test 4?[0m
?[1;31m
Start test 5?[0m
?[1;31m
Start test 6?[0m
?[1;31m
Start test 7?[0m
?[1;31m
Start test 8?[0m
?[1;31m
Start test 9?[0m
?[1;31m
Start test 10?[0m
?[1;31m
Start test 11?[0m
?[1;31m
Start test 12?[0m
?[1;31m
Start test 13?[0m
?[1;31m
Start test 14?[0m
?[1;31m
Start test 15?[0m
?[1;31m
Start test 16?[0m
?[1;31m
Start test 17?[0m
?[1;31m
Start test 18?[0m
2021-08-06 15:01:11.881  WARN 10932 --- [nio-8889-exec-9] .w.s.m.s.DefaultHandlerExceptionResolver : Resolved [org.springframework.http.converter.HttpMessageNotReadableException: JSON parse error: Unexpected character ('"' (code 34)): was expecting comma to separate Object entries; nested exception is com.fasterxml.jackson.core.JsonParseException: Unexpected character ('"' (code 34)): was expecting comma to separate Object entries
 at [Source: (PushbackInputStream); line: 4, column: 4]]
?[1;31m
Start test 19?[0m
2021-08-06 15:01:11.913  WARN 10932 --- [io-8889-exec-10] .w.s.m.s.DefaultHandlerExceptionResolver : Resolved [org.springframework.http.converter.HttpMessageNotReadableException: JSON parse error: Unexpected character ('"' (code 34)): was expecting comma to separate Object entries; nested exception is com.fasterxml.jackson.core.JsonParseException: Unexpected character ('"' (code 34)): was expecting comma to separate Object entries
 at [Source: (PushbackInputStream); line: 5, column: 4]]
?[1;31m
Start test 20?[0m
2021-08-06 15:01:11.929  WARN 10932 --- [nio-8889-exec-1] .w.s.m.s.DefaultHandlerExceptionResolver : Resolved [org.springframework.http.converter.HttpMessageNotReadableException: JSON parse error: Unexpected character ('"' (code 34)): was expecting comma to separate Object entries; nested exception is com.fasterxml.jackson.core.JsonParseException: Unexpected character ('"' (code 34)): was expecting comma to separate Object entries
 at [Source: (PushbackInputStream); line: 4, column: 4]]
?[1;31m
Start test 21?[0m
2021-08-06 15:01:11.945  WARN 10932 --- [nio-8889-exec-2] .w.s.m.s.DefaultHandlerExceptionResolver : Resolved [org.springframework.http.converter.HttpMessageNotReadableException: JSON parse error: Unexpected character ('"' (code 34)): was expecting comma to separate Object entries; nested exception is com.fasterxml.jackson.core.JsonParseException: Unexpected character ('"' (code 34)): was expecting comma to separate Object entries
 at [Source: (PushbackInputStream); line: 5, column: 4]]
?[1;31m
Start test 22?[0m
2021-08-06 15:01:11.998  WARN 10932 --- [nio-8889-exec-3] .w.s.m.s.DefaultHandlerExceptionResolver : Resolved [org.springframework.web.bind.MethodArgumentNotValidException: Validation failed for argument [0] in public org.springframework.http.ResponseEntity<engine.model.Quiz> engine.controller.QuizController.createQuiz(engine.model.Quiz): [Field error in object 'quiz' on field 'options': rejected value [null]; codes [NotNull.quiz.options,NotNull.options,NotNull.[Ljava.lang.String;,NotNull]; arguments [org.springframework.context.support.DefaultMessageSourceResolvable: codes [quiz.options,options]; arguments []; default message [options]]; default message [must not be null]] ]
?[1;31m
Start test 23?[0m
2021-08-06 15:01:12.044  WARN 10932 --- [nio-8889-exec-4] .w.s.m.s.DefaultHandlerExceptionResolver : Resolved [org.springframework.http.converter.HttpMessageNotReadableException: JSON parse error: Unexpected character ('"' (code 34)): was expecting comma to separate Object entries; nested exception is com.fasterxml.jackson.core.JsonParseException: Unexpected character ('"' (code 34)): was expecting comma to separate Object entries
 at [Source: (PushbackInputStream); line: 5, column: 4]]
?[1;31m
Start test 24?[0m
2021-08-06 15:01:12.062  WARN 10932 --- [nio-8889-exec-5] .w.s.m.s.DefaultHandlerExceptionResolver : Resolved [org.springframework.http.converter.HttpMessageNotReadableException: JSON parse error: Unexpected character ('"' (code 34)): was expecting comma to separate Object entries; nested exception is com.fasterxml.jackson.core.JsonParseException: Unexpected character ('"' (code 34)): was expecting comma to separate Object entries
 at [Source: (PushbackInputStream); line: 5, column: 4]]
?[1;31m
Start test 25?[0m
?[1;31m
Start test 26?[0m
?[1;31m
Start test 27?[0m
?[1;31m
Start test 28?[0m
?[1;31m
Start test 29?[0m
?[1;31m
Start test 30?[0m
?[1;31m
Start test 31?[0m
?[1;31m
Start test 32?[0m
?[1;31m
Start test 33?[0m
?[1;31m
Start test 34?[0m
?[1;31m
Start test 35?[0m
?[1;31m
Start test 36?[0m
?[1;31m
Start test 37?[0m
?[1;31m
Start test 38?[0m
?[1;31m
Start test 39?[0m
?[1;31m
Start test 40?[0m
?[1;31m
Start test 41?[0m
?[1;31m
Start test 42?[0m
?[1;31m
Start test 43?[0m
?[1;31m
Start test 44?[0m
?[1;31m
Start test 45?[0m
?[1;31m
Start test 46?[0m
?[1;31m
Start test 47?[0m
?[1;31m
Start test 48?[0m
?[1;31m
Start test 49?[0m
?[1;31m
Start test 50?[0m
?[1;31m
Start test 51?[0m
?[1;31m
Start test 52?[0m
?[1;31m
Start test 53?[0m
?[1;31m
Start test 54?[0m
?[1;31m
Start test 55?[0m
?[1;31m
Start test 56?[0m
?[1;31m
Start test 57?[0m
?[1;31m
Start test 58?[0m
?[1;31m
Start test 59?[0m
?[1;31m
Start test 60?[0m
?[1;31m
Start test 61?[0m
?[1;31m
Start test 62?[0m
?[1;31m
Start test 63?[0m
?[1;31m
Start test 64?[0m
?[1;31m
Start test 65?[0m
?[1;31m
Start test 66?[0m
?[1;31m
Start test 67?[0m
?[1;31m
Start test 68?[0m
?[1;31m
Start test 69?[0m
?[1;31m
Start test 70?[0m
?[1;31m
Start test 71?[0m
?[1;31m
Start test 72?[0m
?[1;31m
Start test 73?[0m
?[1;31m
Start test 74?[0m
?[1;31m
Start test 75?[0m
?[1;31m
Start test 76?[0m
?[1;31m
Start test 77?[0m
?[1;31m
Start test 78?[0m
?[1;31m
Start test 79?[0m
?[1;31m
Start test 80?[0m
?[1;31m
Start test 81?[0m
?[1;31m
Start test 82?[0m
?[1;31m
Start test 83?[0m
?[1;31m
Start test 84?[0m
?[1;31m
Start test 85?[0m
?[1;31m
Start test 86?[0m
?[1;31m
Start test 87?[0m
?[1;31m
Start test 88?[0m
?[1;31m
Start test 89?[0m
?[1;31m
Start test 90?[0m
?[1;31m
Start test 91?[0m
?[1;31m
Start test 92?[0m
?[1;31m
Start test 93?[0m
?[1;31m
Start test 94?[0m
?[1;31m
Start test 95?[0m
?[1;31m
Start test 96?[0m
?[1;31m
Start test 97?[0m
?[1;31m
Start test 98?[0m
?[1;31m
Start test 99?[0m
?[1;31m
Start test 100?[0m
?[1;31m
Start test 101?[0m
?[1;31m
Start test 102?[0m
?[1;31m
Start test 103?[0m
?[1;31m
Start test 104?[0m
?[1;31m
Start test 105?[0m
?[1;31m
Start test 106?[0m
?[1;31m
Start test 107?[0m
?[1;31m
Start test 108?[0m
?[1;31m
Start test 109?[0m
?[1;31m
Start test 110?[0m
?[1;31m
Start test 111?[0m
?[1;31m
Start test 112?[0m
?[1;31m
Start test 113?[0m
?[1;31m
Start test 114?[0m
]]></system-out>
  <system-err><![CDATA[]]></system-err>
</testsuite>
